<?xml version="1.0" encoding="UTF-8"?>
<robot generator="Robot 7.2.2 (Python 3.12.1 on win32)" generated="2025-04-15T16:33:43.009372" rpa="false" schemaversion="5">
<suite id="s1" name="Project-Robot" source="C:\Users\poman\project-robot">
<suite id="s1-s1" name="Tests" source="C:\Users\poman\project-robot\Tests">
<suite id="s1-s1-s1" name="Crm" source="C:\Users\poman\project-robot\Tests\crm.robot">
<test id="s1-s1-s1-t1" name="Home page should load" line="19">
<kw name="Begin Web Test" owner="CrmCommon" type="SETUP">
<kw name="Get Time" owner="BuiltIn">
<msg time="2025-04-15T16:33:43.789661" level="INFO">${START_TIME} = 2025-04-15 16:33:43</msg>
<var>${START_TIME}</var>
<doc>Returns the given time in the requested format.</doc>
<status status="PASS" start="2025-04-15T16:33:43.788662" elapsed="0.002992"/>
</kw>
<kw name="Set Selenium Timeout" owner="SeleniumLibrary">
<arg>10s</arg>
<doc>Sets the timeout that is used by various keywords.</doc>
<status status="PASS" start="2025-04-15T16:33:43.792652" elapsed="0.000999"/>
</kw>
<kw name="Open Browser" owner="SeleniumLibrary">
<msg time="2025-04-15T16:33:43.794656" level="INFO">Opening browser 'chrome' to base url 'about:blank'.</msg>
<arg>about:blank</arg>
<arg>${BROWSER}</arg>
<doc>Opens a new browser instance to the optional ``url``.</doc>
<status status="PASS" start="2025-04-15T16:33:43.794656" elapsed="2.869916"/>
</kw>
<kw name="Maximize Browser Window" owner="SeleniumLibrary">
<doc>Maximizes current browser window.</doc>
<status status="PASS" start="2025-04-15T16:33:46.664572" elapsed="0.155995"/>
</kw>
<status status="PASS" start="2025-04-15T16:33:43.785651" elapsed="3.034916"/>
</kw>
<kw name="Go To &quot;Home&quot; Page" owner="CrmApp">
<kw name="Navigate To" owner="Home">
<kw name="Go To" owner="SeleniumLibrary">
<msg time="2025-04-15T16:33:46.832572" level="INFO">Opening url 'https://automationplayground.com/crm'</msg>
<arg>${URL}</arg>
<doc>Navigates the current browser window to the provided ``url``.</doc>
<status status="PASS" start="2025-04-15T16:33:46.832572" elapsed="2.064821"/>
</kw>
<status status="PASS" start="2025-04-15T16:33:46.831570" elapsed="2.065823"/>
</kw>
<kw name="Vefify Page Loaded" owner="Home">
<kw name="Wait Until Page Contains" owner="SeleniumLibrary">
<arg>${HOME_HEADER_LABEL}</arg>
<doc>Waits until ``text`` appears on the current page.</doc>
<status status="PASS" start="2025-04-15T16:33:48.898394" elapsed="0.041812"/>
</kw>
<status status="PASS" start="2025-04-15T16:33:48.897393" elapsed="0.042813"/>
</kw>
<status status="PASS" start="2025-04-15T16:33:46.830569" elapsed="2.110630"/>
</kw>
<kw name="End Web Test" owner="CrmCommon" type="TEARDOWN">
<kw name="Close All Browsers" owner="SeleniumLibrary">
<doc>Closes all open browsers and resets the browser cache.</doc>
<status status="PASS" start="2025-04-15T16:33:48.942200" elapsed="6.688885"/>
</kw>
<kw name="Get Time" owner="BuiltIn">
<msg time="2025-04-15T16:33:55.633105" level="INFO">${END_TIME} = 2025-04-15 16:33:55</msg>
<var>${END_TIME}</var>
<doc>Returns the given time in the requested format.</doc>
<status status="PASS" start="2025-04-15T16:33:55.632086" elapsed="0.001019"/>
</kw>
<status status="PASS" start="2025-04-15T16:33:48.941199" elapsed="6.692906"/>
</kw>
<doc>Test the home page</doc>
<tag>1001</tag>
<tag>Home</tag>
<tag>Smoke</tag>
<status status="PASS" start="2025-04-15T16:33:43.783660" elapsed="11.850445"/>
</test>
<test id="s1-s1-s1-t2" name="Should be able to login with valid credentials" line="24">
<kw name="Begin Web Test" owner="CrmCommon" type="SETUP">
<kw name="Get Time" owner="BuiltIn">
<msg time="2025-04-15T16:33:55.640089" level="INFO">${START_TIME} = 2025-04-15 16:33:55</msg>
<var>${START_TIME}</var>
<doc>Returns the given time in the requested format.</doc>
<status status="PASS" start="2025-04-15T16:33:55.640089" elapsed="0.000995"/>
</kw>
<kw name="Set Selenium Timeout" owner="SeleniumLibrary">
<arg>10s</arg>
<doc>Sets the timeout that is used by various keywords.</doc>
<status status="PASS" start="2025-04-15T16:33:55.641084" elapsed="0.001000"/>
</kw>
<kw name="Open Browser" owner="SeleniumLibrary">
<msg time="2025-04-15T16:33:55.643086" level="INFO">Opening browser 'chrome' to base url 'about:blank'.</msg>
<arg>about:blank</arg>
<arg>${BROWSER}</arg>
<doc>Opens a new browser instance to the optional ``url``.</doc>
<status status="PASS" start="2025-04-15T16:33:55.643086" elapsed="1.730258"/>
</kw>
<kw name="Maximize Browser Window" owner="SeleniumLibrary">
<doc>Maximizes current browser window.</doc>
<status status="PASS" start="2025-04-15T16:33:57.373344" elapsed="0.035002"/>
</kw>
<status status="PASS" start="2025-04-15T16:33:55.638084" elapsed="1.770262"/>
</kw>
<kw name="Go To &quot;Home&quot; Page" owner="CrmApp">
<kw name="Navigate To" owner="Home">
<kw name="Go To" owner="SeleniumLibrary">
<msg time="2025-04-15T16:33:57.421349" level="INFO">Opening url 'https://automationplayground.com/crm'</msg>
<arg>${URL}</arg>
<doc>Navigates the current browser window to the provided ``url``.</doc>
<status status="PASS" start="2025-04-15T16:33:57.420347" elapsed="1.461958"/>
</kw>
<status status="PASS" start="2025-04-15T16:33:57.420347" elapsed="1.461958"/>
</kw>
<kw name="Vefify Page Loaded" owner="Home">
<kw name="Wait Until Page Contains" owner="SeleniumLibrary">
<arg>${HOME_HEADER_LABEL}</arg>
<doc>Waits until ``text`` appears on the current page.</doc>
<status status="PASS" start="2025-04-15T16:33:58.883317" elapsed="0.016988"/>
</kw>
<status status="PASS" start="2025-04-15T16:33:58.882305" elapsed="0.018000"/>
</kw>
<status status="PASS" start="2025-04-15T16:33:57.419343" elapsed="1.481963"/>
</kw>
<kw name="Login With Valid Credentials" owner="CrmApp">
<kw name="Click &quot;Sign In&quot; lInk" owner="TopNav">
<kw name="Click Link" owner="SeleniumLibrary">
<msg time="2025-04-15T16:33:58.902306" level="INFO">Clicking link 'xpath=//*[@id="SignIn"]'.</msg>
<arg>${TOPNAV_SIGNIN_LINK}</arg>
<doc>Clicks a link identified by ``locator``.</doc>
<status status="PASS" start="2025-04-15T16:33:58.902306" elapsed="0.433778"/>
</kw>
<status status="PASS" start="2025-04-15T16:33:58.901306" elapsed="0.434778"/>
</kw>
<kw name="Vefify Page Loaded" owner="SignIn">
<kw name="Wait Until Page Contains" owner="SeleniumLibrary">
<arg>${SIGNIN_HEADER_LABEL}</arg>
<doc>Waits until ``text`` appears on the current page.</doc>
<status status="PASS" start="2025-04-15T16:33:59.336084" elapsed="0.078004"/>
</kw>
<status status="PASS" start="2025-04-15T16:33:59.336084" elapsed="0.078004"/>
</kw>
<kw name="Login With Valid Credentials" owner="SignIn">
<kw name="Fill &quot;Email&quot; Field" owner="SignIn">
<kw name="Input Text" owner="SeleniumLibrary">
<msg time="2025-04-15T16:33:59.416085" level="INFO">Typing text 'admin@robotframeworktutorial.com' into text field 'xpath=//*[@id="email-id"]'.</msg>
<arg>${SIGNIN_EMAIL_TEXTBOX}</arg>
<arg>${Email}</arg>
<doc>Types the given ``text`` into the text field identified by ``locator``.</doc>
<status status="PASS" start="2025-04-15T16:33:59.415092" elapsed="0.342992"/>
</kw>
<arg>${Email}</arg>
<status status="PASS" start="2025-04-15T16:33:59.415092" elapsed="0.342992"/>
</kw>
<kw name="Fill &quot;Password&quot; Field" owner="SignIn">
<kw name="Input Text" owner="SeleniumLibrary">
<msg time="2025-04-15T16:33:59.759092" level="INFO">Typing text 'Password!' into text field 'xpath=//*[@id="password"]'.</msg>
<arg>${SIGNIN_PASSWORD_TEXTBOX}</arg>
<arg>${Password}</arg>
<doc>Types the given ``text`` into the text field identified by ``locator``.</doc>
<status status="PASS" start="2025-04-15T16:33:59.759092" elapsed="0.314993"/>
</kw>
<arg>${Password}</arg>
<status status="PASS" start="2025-04-15T16:33:59.758084" elapsed="0.316001"/>
</kw>
<kw name="Click &quot;Submit&quot; Button" owner="SignIn">
<kw name="Click Button" owner="SeleniumLibrary">
<msg time="2025-04-15T16:34:00.075087" level="INFO">Clicking button 'xpath=//*[@id="submit-id"]'.</msg>
<arg>${SIGNIN_SUBMIT_BUTTON}</arg>
<doc>Clicks the button identified by ``locator``.</doc>
<status status="PASS" start="2025-04-15T16:34:00.075087" elapsed="0.131995"/>
</kw>
<status status="PASS" start="2025-04-15T16:34:00.074085" elapsed="0.132997"/>
</kw>
<arg>${Email}</arg>
<arg>${Password}</arg>
<status status="PASS" start="2025-04-15T16:33:59.414088" elapsed="0.792994"/>
</kw>
<kw name="Vefify Page Loaded" owner="Customers">
<kw name="Wait Until Page Contains" owner="SeleniumLibrary">
<arg>${CUSTOMERS_HEADER_LABEL}</arg>
<doc>Waits until ``text`` appears on the current page.</doc>
<status status="PASS" start="2025-04-15T16:34:00.208081" elapsed="0.450527"/>
</kw>
<status status="PASS" start="2025-04-15T16:34:00.208081" elapsed="0.451522"/>
</kw>
<arg>${VALID_LOGIN_EMAIL}</arg>
<arg>${VALID_LOGIN_PASSWORD}</arg>
<status status="PASS" start="2025-04-15T16:33:58.901306" elapsed="1.758297"/>
</kw>
<kw name="End Web Test" owner="CrmCommon" type="TEARDOWN">
<kw name="Close All Browsers" owner="SeleniumLibrary">
<doc>Closes all open browsers and resets the browser cache.</doc>
<status status="PASS" start="2025-04-15T16:34:00.663606" elapsed="6.392621"/>
</kw>
<kw name="Get Time" owner="BuiltIn">
<msg time="2025-04-15T16:34:07.057226" level="INFO">${END_TIME} = 2025-04-15 16:34:07</msg>
<var>${END_TIME}</var>
<doc>Returns the given time in the requested format.</doc>
<status status="PASS" start="2025-04-15T16:34:07.056227" elapsed="0.000999"/>
</kw>
<status status="PASS" start="2025-04-15T16:34:00.661605" elapsed="6.395621"/>
</kw>
<doc>Test the login</doc>
<tag>1002</tag>
<tag>Login</tag>
<tag>Smoke</tag>
<status status="PASS" start="2025-04-15T16:33:55.637081" elapsed="11.421146"/>
</test>
<test id="s1-s1-s1-t3" name="Should be able to log out" line="30">
<kw name="Begin Web Test" owner="CrmCommon" type="SETUP">
<kw name="Get Time" owner="BuiltIn">
<msg time="2025-04-15T16:34:07.061221" level="INFO">${START_TIME} = 2025-04-15 16:34:07</msg>
<var>${START_TIME}</var>
<doc>Returns the given time in the requested format.</doc>
<status status="PASS" start="2025-04-15T16:34:07.061221" elapsed="0.001001"/>
</kw>
<kw name="Set Selenium Timeout" owner="SeleniumLibrary">
<arg>10s</arg>
<doc>Sets the timeout that is used by various keywords.</doc>
<status status="PASS" start="2025-04-15T16:34:07.062222" elapsed="0.000991"/>
</kw>
<kw name="Open Browser" owner="SeleniumLibrary">
<msg time="2025-04-15T16:34:07.064227" level="INFO">Opening browser 'chrome' to base url 'about:blank'.</msg>
<arg>about:blank</arg>
<arg>${BROWSER}</arg>
<doc>Opens a new browser instance to the optional ``url``.</doc>
<status status="PASS" start="2025-04-15T16:34:07.063213" elapsed="1.796888"/>
</kw>
<kw name="Maximize Browser Window" owner="SeleniumLibrary">
<doc>Maximizes current browser window.</doc>
<status status="PASS" start="2025-04-15T16:34:08.861103" elapsed="0.098000"/>
</kw>
<status status="PASS" start="2025-04-15T16:34:07.060218" elapsed="1.898885"/>
</kw>
<kw name="Go To &quot;Home&quot; Page" owner="CrmApp">
<kw name="Navigate To" owner="Home">
<kw name="Go To" owner="SeleniumLibrary">
<msg time="2025-04-15T16:34:08.963102" level="INFO">Opening url 'https://automationplayground.com/crm'</msg>
<arg>${URL}</arg>
<doc>Navigates the current browser window to the provided ``url``.</doc>
<status status="PASS" start="2025-04-15T16:34:08.963102" elapsed="1.116774"/>
</kw>
<status status="PASS" start="2025-04-15T16:34:08.962102" elapsed="1.117774"/>
</kw>
<kw name="Vefify Page Loaded" owner="Home">
<kw name="Wait Until Page Contains" owner="SeleniumLibrary">
<arg>${HOME_HEADER_LABEL}</arg>
<doc>Waits until ``text`` appears on the current page.</doc>
<status status="PASS" start="2025-04-15T16:34:10.080875" elapsed="0.022004"/>
</kw>
<status status="PASS" start="2025-04-15T16:34:10.080875" elapsed="0.023003"/>
</kw>
<status status="PASS" start="2025-04-15T16:34:08.961100" elapsed="1.142778"/>
</kw>
<kw name="Login With Valid Credentials" owner="CrmApp">
<kw name="Click &quot;Sign In&quot; lInk" owner="TopNav">
<kw name="Click Link" owner="SeleniumLibrary">
<msg time="2025-04-15T16:34:10.105876" level="INFO">Clicking link 'xpath=//*[@id="SignIn"]'.</msg>
<arg>${TOPNAV_SIGNIN_LINK}</arg>
<doc>Clicks a link identified by ``locator``.</doc>
<status status="PASS" start="2025-04-15T16:34:10.104877" elapsed="0.385655"/>
</kw>
<status status="PASS" start="2025-04-15T16:34:10.104877" elapsed="0.385655"/>
</kw>
<kw name="Vefify Page Loaded" owner="SignIn">
<kw name="Wait Until Page Contains" owner="SeleniumLibrary">
<arg>${SIGNIN_HEADER_LABEL}</arg>
<doc>Waits until ``text`` appears on the current page.</doc>
<status status="PASS" start="2025-04-15T16:34:10.491534" elapsed="0.053997"/>
</kw>
<status status="PASS" start="2025-04-15T16:34:10.490532" elapsed="0.054999"/>
</kw>
<kw name="Login With Valid Credentials" owner="SignIn">
<kw name="Fill &quot;Email&quot; Field" owner="SignIn">
<kw name="Input Text" owner="SeleniumLibrary">
<msg time="2025-04-15T16:34:10.547532" level="INFO">Typing text 'admin@robotframeworktutorial.com' into text field 'xpath=//*[@id="email-id"]'.</msg>
<arg>${SIGNIN_EMAIL_TEXTBOX}</arg>
<arg>${Email}</arg>
<doc>Types the given ``text`` into the text field identified by ``locator``.</doc>
<status status="PASS" start="2025-04-15T16:34:10.547532" elapsed="0.299048"/>
</kw>
<arg>${Email}</arg>
<status status="PASS" start="2025-04-15T16:34:10.546536" elapsed="0.300044"/>
</kw>
<kw name="Fill &quot;Password&quot; Field" owner="SignIn">
<kw name="Input Text" owner="SeleniumLibrary">
<msg time="2025-04-15T16:34:10.848582" level="INFO">Typing text 'Password!' into text field 'xpath=//*[@id="password"]'.</msg>
<arg>${SIGNIN_PASSWORD_TEXTBOX}</arg>
<arg>${Password}</arg>
<doc>Types the given ``text`` into the text field identified by ``locator``.</doc>
<status status="PASS" start="2025-04-15T16:34:10.847578" elapsed="0.223998"/>
</kw>
<arg>${Password}</arg>
<status status="PASS" start="2025-04-15T16:34:10.847578" elapsed="0.224999"/>
</kw>
<kw name="Click &quot;Submit&quot; Button" owner="SignIn">
<kw name="Click Button" owner="SeleniumLibrary">
<msg time="2025-04-15T16:34:11.073577" level="INFO">Clicking button 'xpath=//*[@id="submit-id"]'.</msg>
<arg>${SIGNIN_SUBMIT_BUTTON}</arg>
<doc>Clicks the button identified by ``locator``.</doc>
<status status="PASS" start="2025-04-15T16:34:11.073577" elapsed="0.158003"/>
</kw>
<status status="PASS" start="2025-04-15T16:34:11.072577" elapsed="0.159003"/>
</kw>
<arg>${Email}</arg>
<arg>${Password}</arg>
<status status="PASS" start="2025-04-15T16:34:10.545531" elapsed="0.686049"/>
</kw>
<kw name="Vefify Page Loaded" owner="Customers">
<kw name="Wait Until Page Contains" owner="SeleniumLibrary">
<arg>${CUSTOMERS_HEADER_LABEL}</arg>
<doc>Waits until ``text`` appears on the current page.</doc>
<status status="PASS" start="2025-04-15T16:34:11.235578" elapsed="0.533003"/>
</kw>
<status status="PASS" start="2025-04-15T16:34:11.233583" elapsed="0.534998"/>
</kw>
<arg>${VALID_LOGIN_EMAIL}</arg>
<arg>${VALID_LOGIN_PASSWORD}</arg>
<status status="PASS" start="2025-04-15T16:34:10.103878" elapsed="1.664703"/>
</kw>
<kw name="Sign Out" owner="CrmApp">
<kw name="Click &quot;Sign Out&quot; lInk" owner="TopNav">
<kw name="Click Link" owner="SeleniumLibrary">
<msg time="2025-04-15T16:34:11.770579" level="INFO">Clicking link 'Sign Out'.</msg>
<arg>${TOPNAV_SIGNOUT_LINK}</arg>
<doc>Clicks a link identified by ``locator``.</doc>
<status status="PASS" start="2025-04-15T16:34:11.770579" elapsed="0.361862"/>
</kw>
<status status="PASS" start="2025-04-15T16:34:11.769713" elapsed="0.363724"/>
</kw>
<kw name="Verify Page Loaded" owner="LoggedOut">
<kw name="Wait Until Page Contains" owner="SeleniumLibrary">
<arg>${LOOGGEDOUT_HEADER_LABEL}</arg>
<doc>Waits until ``text`` appears on the current page.</doc>
<status status="PASS" start="2025-04-15T16:34:12.135440" elapsed="0.028996"/>
</kw>
<status status="PASS" start="2025-04-15T16:34:12.133437" elapsed="0.032006"/>
</kw>
<status status="PASS" start="2025-04-15T16:34:11.768581" elapsed="0.396862"/>
</kw>
<kw name="End Web Test" owner="CrmCommon" type="TEARDOWN">
<kw name="Close All Browsers" owner="SeleniumLibrary">
<doc>Closes all open browsers and resets the browser cache.</doc>
<status status="PASS" start="2025-04-15T16:34:12.167606" elapsed="6.353518"/>
</kw>
<kw name="Get Time" owner="BuiltIn">
<msg time="2025-04-15T16:34:18.522119" level="INFO">${END_TIME} = 2025-04-15 16:34:18</msg>
<var>${END_TIME}</var>
<doc>Returns the given time in the requested format.</doc>
<status status="PASS" start="2025-04-15T16:34:18.521124" elapsed="0.000995"/>
</kw>
<status status="PASS" start="2025-04-15T16:34:12.166439" elapsed="6.355680"/>
</kw>
<doc>Test the log out</doc>
<tag>1004</tag>
<tag>Login</tag>
<tag>Smoke</tag>
<status status="PASS" start="2025-04-15T16:34:07.059213" elapsed="11.463906"/>
</test>
<test id="s1-s1-s1-t4" name="Should be able to add a new castomer" line="37">
<kw name="Begin Web Test" owner="CrmCommon" type="SETUP">
<kw name="Get Time" owner="BuiltIn">
<msg time="2025-04-15T16:34:18.564125" level="INFO">${START_TIME} = 2025-04-15 16:34:18</msg>
<var>${START_TIME}</var>
<doc>Returns the given time in the requested format.</doc>
<status status="PASS" start="2025-04-15T16:34:18.564125" elapsed="0.000996"/>
</kw>
<kw name="Set Selenium Timeout" owner="SeleniumLibrary">
<arg>10s</arg>
<doc>Sets the timeout that is used by various keywords.</doc>
<status status="PASS" start="2025-04-15T16:34:18.565121" elapsed="0.001006"/>
</kw>
<kw name="Open Browser" owner="SeleniumLibrary">
<msg time="2025-04-15T16:34:18.566127" level="INFO">Opening browser 'chrome' to base url 'about:blank'.</msg>
<arg>about:blank</arg>
<arg>${BROWSER}</arg>
<doc>Opens a new browser instance to the optional ``url``.</doc>
<status status="PASS" start="2025-04-15T16:34:18.566127" elapsed="1.819976"/>
</kw>
<kw name="Maximize Browser Window" owner="SeleniumLibrary">
<doc>Maximizes current browser window.</doc>
<status status="PASS" start="2025-04-15T16:34:20.387101" elapsed="0.066999"/>
</kw>
<status status="PASS" start="2025-04-15T16:34:18.563123" elapsed="1.890977"/>
</kw>
<kw name="Go To &quot;Home&quot; Page" owner="CrmApp">
<kw name="Navigate To" owner="Home">
<kw name="Go To" owner="SeleniumLibrary">
<msg time="2025-04-15T16:34:20.465104" level="INFO">Opening url 'https://automationplayground.com/crm'</msg>
<arg>${URL}</arg>
<doc>Navigates the current browser window to the provided ``url``.</doc>
<status status="PASS" start="2025-04-15T16:34:20.464100" elapsed="1.246585"/>
</kw>
<status status="PASS" start="2025-04-15T16:34:20.464100" elapsed="1.246585"/>
</kw>
<kw name="Vefify Page Loaded" owner="Home">
<kw name="Wait Until Page Contains" owner="SeleniumLibrary">
<arg>${HOME_HEADER_LABEL}</arg>
<doc>Waits until ``text`` appears on the current page.</doc>
<status status="PASS" start="2025-04-15T16:34:21.711685" elapsed="0.034003"/>
</kw>
<status status="PASS" start="2025-04-15T16:34:21.711685" elapsed="0.034003"/>
</kw>
<status status="PASS" start="2025-04-15T16:34:20.463104" elapsed="1.282584"/>
</kw>
<kw name="Login With Valid Credentials" owner="CrmApp">
<kw name="Click &quot;Sign In&quot; lInk" owner="TopNav">
<kw name="Click Link" owner="SeleniumLibrary">
<msg time="2025-04-15T16:34:21.747688" level="INFO">Clicking link 'xpath=//*[@id="SignIn"]'.</msg>
<arg>${TOPNAV_SIGNIN_LINK}</arg>
<doc>Clicks a link identified by ``locator``.</doc>
<status status="PASS" start="2025-04-15T16:34:21.747688" elapsed="0.375293"/>
</kw>
<status status="PASS" start="2025-04-15T16:34:21.746683" elapsed="0.376298"/>
</kw>
<kw name="Vefify Page Loaded" owner="SignIn">
<kw name="Wait Until Page Contains" owner="SeleniumLibrary">
<arg>${SIGNIN_HEADER_LABEL}</arg>
<doc>Waits until ``text`` appears on the current page.</doc>
<status status="PASS" start="2025-04-15T16:34:22.124974" elapsed="0.077998"/>
</kw>
<status status="PASS" start="2025-04-15T16:34:22.123977" elapsed="0.079999"/>
</kw>
<kw name="Login With Valid Credentials" owner="SignIn">
<kw name="Fill &quot;Email&quot; Field" owner="SignIn">
<kw name="Input Text" owner="SeleniumLibrary">
<msg time="2025-04-15T16:34:22.207986" level="INFO">Typing text 'admin@robotframeworktutorial.com' into text field 'xpath=//*[@id="email-id"]'.</msg>
<arg>${SIGNIN_EMAIL_TEXTBOX}</arg>
<arg>${Email}</arg>
<doc>Types the given ``text`` into the text field identified by ``locator``.</doc>
<status status="PASS" start="2025-04-15T16:34:22.206974" elapsed="0.288004"/>
</kw>
<arg>${Email}</arg>
<status status="PASS" start="2025-04-15T16:34:22.204975" elapsed="0.290003"/>
</kw>
<kw name="Fill &quot;Password&quot; Field" owner="SignIn">
<kw name="Input Text" owner="SeleniumLibrary">
<msg time="2025-04-15T16:34:22.496978" level="INFO">Typing text 'Password!' into text field 'xpath=//*[@id="password"]'.</msg>
<arg>${SIGNIN_PASSWORD_TEXTBOX}</arg>
<arg>${Password}</arg>
<doc>Types the given ``text`` into the text field identified by ``locator``.</doc>
<status status="PASS" start="2025-04-15T16:34:22.495972" elapsed="0.214005"/>
</kw>
<arg>${Password}</arg>
<status status="PASS" start="2025-04-15T16:34:22.494978" elapsed="0.215994"/>
</kw>
<kw name="Click &quot;Submit&quot; Button" owner="SignIn">
<kw name="Click Button" owner="SeleniumLibrary">
<msg time="2025-04-15T16:34:22.711975" level="INFO">Clicking button 'xpath=//*[@id="submit-id"]'.</msg>
<arg>${SIGNIN_SUBMIT_BUTTON}</arg>
<doc>Clicks the button identified by ``locator``.</doc>
<status status="PASS" start="2025-04-15T16:34:22.710972" elapsed="0.159286"/>
</kw>
<status status="PASS" start="2025-04-15T16:34:22.710972" elapsed="0.159286"/>
</kw>
<arg>${Email}</arg>
<arg>${Password}</arg>
<status status="PASS" start="2025-04-15T16:34:22.203976" elapsed="0.667276"/>
</kw>
<kw name="Vefify Page Loaded" owner="Customers">
<kw name="Wait Until Page Contains" owner="SeleniumLibrary">
<arg>${CUSTOMERS_HEADER_LABEL}</arg>
<doc>Waits until ``text`` appears on the current page.</doc>
<status status="PASS" start="2025-04-15T16:34:22.873256" elapsed="0.367001"/>
</kw>
<status status="PASS" start="2025-04-15T16:34:22.873256" elapsed="0.367001"/>
</kw>
<arg>${VALID_LOGIN_EMAIL}</arg>
<arg>${VALID_LOGIN_PASSWORD}</arg>
<status status="PASS" start="2025-04-15T16:34:21.745688" elapsed="1.494569"/>
</kw>
<kw name="Add New Customer" owner="CrmApp">
<kw name="Click Add Customer Link" owner="Customers">
<kw name="Click Link" owner="SeleniumLibrary">
<msg time="2025-04-15T16:34:23.243256" level="INFO">Clicking link 'xpath=//*[@id="new-customer"]'.</msg>
<arg>${CUSTOMER_ADD_CUSTOMER_LINK}</arg>
<doc>Clicks a link identified by ``locator``.</doc>
<status status="PASS" start="2025-04-15T16:34:23.242254" elapsed="0.536664"/>
</kw>
<status status="PASS" start="2025-04-15T16:34:23.242254" elapsed="0.536664"/>
</kw>
<kw name="Vefify Page Loaded" owner="AddCustomer">
<kw name="Wait Until Page Contains" owner="SeleniumLibrary">
<arg>${ADDCUSTOMER_HEADER_LABEL}</arg>
<doc>Waits until ``text`` appears on the current page.</doc>
<status status="PASS" start="2025-04-15T16:34:23.779917" elapsed="0.031000"/>
</kw>
<status status="PASS" start="2025-04-15T16:34:23.779917" elapsed="0.031000"/>
</kw>
<kw name="Add New Customer" owner="AddCustomer">
<kw name="Fill Customer Fields" owner="AddCustomer">
<kw name="Input Text" owner="SeleniumLibrary">
<msg time="2025-04-15T16:34:23.812916" level="INFO">Typing text 'janedoe@gmail.com' into text field 'xpath=//*[@id="EmailAddress"]'.</msg>
<arg>${ADDCUSTOMER_EMAIL_TEXTBOX}</arg>
<arg>text=janedoe@gmail.com</arg>
<doc>Types the given ``text`` into the text field identified by ``locator``.</doc>
<status status="PASS" start="2025-04-15T16:34:23.811917" elapsed="0.190002"/>
</kw>
<kw name="Input Text" owner="SeleniumLibrary">
<msg time="2025-04-15T16:34:24.002916" level="INFO">Typing text 'Jane' into text field 'xpath=//*[@id="FirstName"]'.</msg>
<arg>${ADDCUSTOMER_FIRST_NAME_TEXTBOX}</arg>
<arg>text=Jane</arg>
<doc>Types the given ``text`` into the text field identified by ``locator``.</doc>
<status status="PASS" start="2025-04-15T16:34:24.001919" elapsed="0.209000"/>
</kw>
<kw name="Input Text" owner="SeleniumLibrary">
<msg time="2025-04-15T16:34:24.211916" level="INFO">Typing text 'Doe' into text field 'xpath=//*[@id="LastName"]'.</msg>
<arg>${ADDCUSTOMER_LAST_NAME_TEXTBOX}</arg>
<arg>text=Doe</arg>
<doc>Types the given ``text`` into the text field identified by ``locator``.</doc>
<status status="PASS" start="2025-04-15T16:34:24.211916" elapsed="0.205000"/>
</kw>
<kw name="Input Text" owner="SeleniumLibrary">
<msg time="2025-04-15T16:34:24.417921" level="INFO">Typing text 'Dallas' into text field 'xpath=//*[@id="City"]'.</msg>
<arg>${ADDCUSTOMER_CITY_TEXTBOX}</arg>
<arg>text=Dallas</arg>
<doc>Types the given ``text`` into the text field identified by ``locator``.</doc>
<status status="PASS" start="2025-04-15T16:34:24.416916" elapsed="0.203000"/>
</kw>
<kw name="Select From List By Value" owner="SeleniumLibrary">
<msg time="2025-04-15T16:34:24.621917" level="INFO">Selecting options from selection list '//*[@id="StateOrRegion"]' by value TX.</msg>
<arg>${ADDCUSTOMER_STATE_DROPDOWN}</arg>
<arg>TX</arg>
<doc>Selects options from selection list ``locator`` by ``values``.</doc>
<status status="PASS" start="2025-04-15T16:34:24.620925" elapsed="0.207993"/>
</kw>
<kw name="Select Radio Button" owner="SeleniumLibrary">
<msg time="2025-04-15T16:34:24.829925" level="INFO">Selecting 'female' from radio button 'gender'.</msg>
<arg>${ADDCUSTOMER_GENDER_RADIO}</arg>
<arg>female</arg>
<doc>Sets the radio button group ``group_name`` to ``value``.</doc>
<status status="PASS" start="2025-04-15T16:34:24.828918" elapsed="0.161004"/>
</kw>
<kw name="Select Checkbox" owner="SeleniumLibrary">
<msg time="2025-04-15T16:34:24.990916" level="INFO">Selecting checkbox 'name=promos-name'.</msg>
<arg>${ADDCUSTOMER_PROMO_ CHECKBOX}</arg>
<doc>Selects the checkbox identified by ``locator``.</doc>
<status status="PASS" start="2025-04-15T16:34:24.989922" elapsed="0.172995"/>
</kw>
<status status="PASS" start="2025-04-15T16:34:23.811917" elapsed="1.351000"/>
</kw>
<kw name="Click Submit Button" owner="AddCustomer">
<kw name="Click Button" owner="SeleniumLibrary">
<msg time="2025-04-15T16:34:25.164917" level="INFO">Clicking button 'Submit'.</msg>
<arg>${ADDCUSTOMER_SUBMIT_BUTTON}</arg>
<doc>Clicks the button identified by ``locator``.</doc>
<status status="PASS" start="2025-04-15T16:34:25.163920" elapsed="0.152998"/>
</kw>
<status status="PASS" start="2025-04-15T16:34:25.163920" elapsed="0.153997"/>
</kw>
<status status="PASS" start="2025-04-15T16:34:23.810917" elapsed="1.507000"/>
</kw>
<kw name="Verify Customer Added Successfully" owner="Customers">
<kw name="Wait Until Page Contains" owner="SeleniumLibrary">
<arg>${CUSTOMER_SUCCESS_LABEL}</arg>
<doc>Waits until ``text`` appears on the current page.</doc>
<status status="PASS" start="2025-04-15T16:34:25.317917" elapsed="0.296006"/>
</kw>
<status status="PASS" start="2025-04-15T16:34:25.317917" elapsed="0.297005"/>
</kw>
<status status="PASS" start="2025-04-15T16:34:23.242254" elapsed="2.372668"/>
</kw>
<kw name="Sign Out" owner="CrmApp">
<kw name="Click &quot;Sign Out&quot; lInk" owner="TopNav">
<kw name="Click Link" owner="SeleniumLibrary">
<msg time="2025-04-15T16:34:25.616917" level="INFO">Clicking link 'Sign Out'.</msg>
<arg>${TOPNAV_SIGNOUT_LINK}</arg>
<doc>Clicks a link identified by ``locator``.</doc>
<status status="PASS" start="2025-04-15T16:34:25.615917" elapsed="0.346999"/>
</kw>
<status status="PASS" start="2025-04-15T16:34:25.615917" elapsed="0.346999"/>
</kw>
<kw name="Verify Page Loaded" owner="LoggedOut">
<kw name="Wait Until Page Contains" owner="SeleniumLibrary">
<arg>${LOOGGEDOUT_HEADER_LABEL}</arg>
<doc>Waits until ``text`` appears on the current page.</doc>
<status status="PASS" start="2025-04-15T16:34:25.964917" elapsed="0.030003"/>
</kw>
<status status="PASS" start="2025-04-15T16:34:25.963918" elapsed="0.031002"/>
</kw>
<status status="PASS" start="2025-04-15T16:34:25.614922" elapsed="0.379998"/>
</kw>
<kw name="End Web Test" owner="CrmCommon" type="TEARDOWN">
<kw name="Close All Browsers" owner="SeleniumLibrary">
<doc>Closes all open browsers and resets the browser cache.</doc>
<status status="PASS" start="2025-04-15T16:34:25.995917" elapsed="6.370621"/>
</kw>
<kw name="Get Time" owner="BuiltIn">
<msg time="2025-04-15T16:34:32.367539" level="INFO">${END_TIME} = 2025-04-15 16:34:32</msg>
<var>${END_TIME}</var>
<doc>Returns the given time in the requested format.</doc>
<status status="PASS" start="2025-04-15T16:34:32.366538" elapsed="0.001001"/>
</kw>
<status status="PASS" start="2025-04-15T16:34:25.994920" elapsed="6.373619"/>
</kw>
<doc>This is some basic info about the test</doc>
<tag>1006</tag>
<tag>Contacts</tag>
<tag>Smoke</tag>
<status status="PASS" start="2025-04-15T16:34:18.524123" elapsed="13.844416"/>
</test>
<doc>This is some basic info about the whole sutite.</doc>
<status status="PASS" start="2025-04-15T16:33:43.080645" elapsed="49.288895"/>
</suite>
<suite id="s1-s1-s2" name="Demo" source="C:\Users\poman\project-robot\Tests\demo.robot">
<test id="s1-s1-s2-t1" name="Test case 1" line="7">
<kw name="Do Something">
<kw name="Log" owner="BuiltIn">
<msg time="2025-04-15T16:34:32.376541" level="INFO">I am doing something...</msg>
<arg>I am doing something...</arg>
<doc>Logs the given message with the given level.</doc>
<status status="PASS" start="2025-04-15T16:34:32.376541" elapsed="0.000999"/>
</kw>
<status status="PASS" start="2025-04-15T16:34:32.375549" elapsed="0.001991"/>
</kw>
<kw name="Do Something Else">
<kw name="Log" owner="BuiltIn">
<msg time="2025-04-15T16:34:32.378540" level="INFO">I am doing something else...</msg>
<arg>I am doing something else...</arg>
<doc>Logs the given message with the given level.</doc>
<status status="PASS" start="2025-04-15T16:34:32.378540" elapsed="0.000998"/>
</kw>
<status status="PASS" start="2025-04-15T16:34:32.377540" elapsed="0.001998"/>
</kw>
<status status="PASS" start="2025-04-15T16:34:32.374551" elapsed="0.004987"/>
</test>
<test id="s1-s1-s2-t2" name="Test case 2" line="11">
<kw name="Do Another Thing">
<kw name="Log" owner="BuiltIn">
<msg time="2025-04-15T16:34:32.382542" level="INFO">I am doing another thing...</msg>
<arg>I am doing another thing...</arg>
<doc>Logs the given message with the given level.</doc>
<status status="PASS" start="2025-04-15T16:34:32.382542" elapsed="0.000996"/>
</kw>
<status status="PASS" start="2025-04-15T16:34:32.381538" elapsed="0.002000"/>
</kw>
<kw name="Do Something Else">
<kw name="Log" owner="BuiltIn">
<msg time="2025-04-15T16:34:32.384539" level="INFO">I am doing something else...</msg>
<arg>I am doing something else...</arg>
<doc>Logs the given message with the given level.</doc>
<status status="PASS" start="2025-04-15T16:34:32.384539" elapsed="0.000998"/>
</kw>
<status status="PASS" start="2025-04-15T16:34:32.383538" elapsed="0.001999"/>
</kw>
<status status="PASS" start="2025-04-15T16:34:32.380546" elapsed="0.004991"/>
</test>
<status status="PASS" start="2025-04-15T16:34:32.371552" elapsed="0.014987"/>
</suite>
<suite id="s1-s1-s3" name="Rozetka" source="C:\Users\poman\project-robot\Tests\rozetka.robot">
<kw name="Insert Testing Data" owner="Common" type="SETUP">
<kw name="Custom Keyword 1" owner="Common">
<kw name="Log" owner="BuiltIn">
<msg time="2025-04-15T16:34:32.411547" level="INFO">Doing keyword 1...</msg>
<arg>Doing keyword 1...</arg>
<doc>Logs the given message with the given level.</doc>
<status status="PASS" start="2025-04-15T16:34:32.410566" elapsed="0.001974"/>
</kw>
<status status="PASS" start="2025-04-15T16:34:32.410566" elapsed="0.002972"/>
</kw>
<kw name="Custom Keyword 2" owner="Common">
<kw name="Log" owner="BuiltIn">
<msg time="2025-04-15T16:34:32.415538" level="INFO">Doing keyword 2...</msg>
<arg>Doing keyword 2...</arg>
<doc>Logs the given message with the given level.</doc>
<status status="PASS" start="2025-04-15T16:34:32.414538" elapsed="0.001000"/>
</kw>
<status status="PASS" start="2025-04-15T16:34:32.414538" elapsed="0.001000"/>
</kw>
<status status="PASS" start="2025-04-15T16:34:32.409542" elapsed="0.005996"/>
</kw>
<test id="s1-s1-s3-t1" name="Logged out user should be able to search for products" line="19">
<kw name="Begin Web Test" owner="Common" type="SETUP">
<kw name="Open Browser" owner="SeleniumLibrary">
<msg time="2025-04-15T16:34:32.418544" level="INFO">Opening browser 'chrome' to base url 'about:blank'.</msg>
<arg>about:blank</arg>
<arg>${BROWSER}</arg>
<doc>Opens a new browser instance to the optional ``url``.</doc>
<status status="PASS" start="2025-04-15T16:34:32.418544" elapsed="1.873337"/>
</kw>
<kw name="Maximize Browser Window" owner="SeleniumLibrary">
<doc>Maximizes current browser window.</doc>
<status status="PASS" start="2025-04-15T16:34:34.291881" elapsed="0.288994"/>
</kw>
<kw name="Set Selenium Speed" owner="SeleniumLibrary">
<arg>.2s</arg>
<doc>Sets the delay that is waited after each Selenium command.</doc>
<status status="PASS" start="2025-04-15T16:34:34.581882" elapsed="0.000000"/>
</kw>
<kw name="Set Selenium Timeout" owner="SeleniumLibrary">
<arg>10s</arg>
<doc>Sets the timeout that is used by various keywords.</doc>
<status status="PASS" start="2025-04-15T16:34:34.581882" elapsed="0.203502"/>
</kw>
<status status="PASS" start="2025-04-15T16:34:32.417541" elapsed="2.367843"/>
</kw>
<kw name="Search for Products" owner="RozetkaApp">
<kw name="Load" owner="LandingPage">
<kw name="Go To" owner="SeleniumLibrary">
<msg time="2025-04-15T16:34:34.788394" level="INFO">Opening url 'https://rozetka.com.ua'</msg>
<arg>${START_URL}</arg>
<doc>Navigates the current browser window to the provided ``url``.</doc>
<status status="PASS" start="2025-04-15T16:34:34.787392" elapsed="1.485623"/>
</kw>
<status status="PASS" start="2025-04-15T16:34:34.786396" elapsed="1.487130"/>
</kw>
<kw name="Verify Page Loaded" owner="LandingPage">
<kw name="Wait Until Page Contains" owner="SeleniumLibrary">
<arg>Rozetka</arg>
<doc>Waits until ``text`` appears on the current page.</doc>
<status status="PASS" start="2025-04-15T16:34:36.274536" elapsed="0.681021"/>
</kw>
<status status="PASS" start="2025-04-15T16:34:36.274536" elapsed="0.681534"/>
</kw>
<kw name="Search for Products" owner="TopNav">
<kw name="Enter Search Term" owner="TopNav">
<kw name="Input Text" owner="SeleniumLibrary">
<msg time="2025-04-15T16:34:36.960084" level="INFO">Typing text '"Ferrari 458"' into text field 'xpath=//rz-search-suggest/form/div[1]/div/div/input'.</msg>
<arg>${TOPNAV_SEARCH_BAR}</arg>
<arg>"${SEARCH_TERM}"</arg>
<doc>Types the given ``text`` into the text field identified by ``locator``.</doc>
<status status="PASS" start="2025-04-15T16:34:36.960084" elapsed="2.707575"/>
</kw>
<status status="PASS" start="2025-04-15T16:34:36.957082" elapsed="2.711089"/>
</kw>
<kw name="Submit Search" owner="TopNav">
<kw name="Click Button" owner="SeleniumLibrary">
<msg time="2025-04-15T16:34:39.669186" level="INFO">Clicking button 'xpath=//rz-search-suggest/form/div[1]/button'.</msg>
<arg>${TOPNAV_SEARCH_BUTTON}</arg>
<doc>Clicks the button identified by ``locator``.</doc>
<status status="PASS" start="2025-04-15T16:34:39.669186" elapsed="2.829022"/>
</kw>
<status status="PASS" start="2025-04-15T16:34:39.668171" elapsed="2.830037"/>
</kw>
<status status="PASS" start="2025-04-15T16:34:36.956070" elapsed="5.542138"/>
</kw>
<kw name="Verify Search Completed" owner="SearchResult">
<kw name="Wait Until Page Contains" owner="SeleniumLibrary">
<arg>Результати пошуку</arg>
<doc>Waits until ``text`` appears on the current page.</doc>
<status status="PASS" start="2025-04-15T16:34:42.499309" elapsed="2.133506"/>
</kw>
<status status="PASS" start="2025-04-15T16:34:42.498208" elapsed="2.134607"/>
</kw>
<status status="PASS" start="2025-04-15T16:34:34.785384" elapsed="9.847431"/>
</kw>
<kw name="End Web Test" owner="Common" type="TEARDOWN">
<kw name="Close Browser" owner="SeleniumLibrary">
<doc>Closes the current browser.</doc>
<status status="PASS" start="2025-04-15T16:34:44.634826" elapsed="2.371858"/>
</kw>
<status status="PASS" start="2025-04-15T16:34:44.633824" elapsed="2.372860"/>
</kw>
<doc>This is some basic info about the test</doc>
<tag>Current</tag>
<status status="PASS" start="2025-04-15T16:34:32.416552" elapsed="14.590132"/>
</test>
<test id="s1-s1-s3-t2" name="Logged out user should be able to view a product" line="24">
<kw name="Begin Web Test" owner="Common" type="SETUP">
<kw name="Open Browser" owner="SeleniumLibrary">
<msg time="2025-04-15T16:34:47.010669" level="INFO">Opening browser 'chrome' to base url 'about:blank'.</msg>
<arg>about:blank</arg>
<arg>${BROWSER}</arg>
<doc>Opens a new browser instance to the optional ``url``.</doc>
<status status="PASS" start="2025-04-15T16:34:47.010669" elapsed="2.030571"/>
</kw>
<kw name="Maximize Browser Window" owner="SeleniumLibrary">
<doc>Maximizes current browser window.</doc>
<status status="PASS" start="2025-04-15T16:34:49.041240" elapsed="0.264524"/>
</kw>
<kw name="Set Selenium Speed" owner="SeleniumLibrary">
<arg>.2s</arg>
<doc>Sets the delay that is waited after each Selenium command.</doc>
<status status="PASS" start="2025-04-15T16:34:49.305764" elapsed="0.000000"/>
</kw>
<kw name="Set Selenium Timeout" owner="SeleniumLibrary">
<arg>10s</arg>
<doc>Sets the timeout that is used by various keywords.</doc>
<status status="PASS" start="2025-04-15T16:34:49.306798" elapsed="0.202512"/>
</kw>
<status status="PASS" start="2025-04-15T16:34:47.009668" elapsed="2.499642"/>
</kw>
<kw name="Search for Products" owner="RozetkaApp">
<kw name="Load" owner="LandingPage">
<kw name="Go To" owner="SeleniumLibrary">
<msg time="2025-04-15T16:34:49.511323" level="INFO">Opening url 'https://rozetka.com.ua'</msg>
<arg>${START_URL}</arg>
<doc>Navigates the current browser window to the provided ``url``.</doc>
<status status="PASS" start="2025-04-15T16:34:49.510325" elapsed="3.989328"/>
</kw>
<status status="PASS" start="2025-04-15T16:34:49.510325" elapsed="3.989328"/>
</kw>
<kw name="Verify Page Loaded" owner="LandingPage">
<kw name="Wait Until Page Contains" owner="SeleniumLibrary">
<arg>Rozetka</arg>
<doc>Waits until ``text`` appears on the current page.</doc>
<status status="PASS" start="2025-04-15T16:34:53.500157" elapsed="0.245164"/>
</kw>
<status status="PASS" start="2025-04-15T16:34:53.500157" elapsed="0.245164"/>
</kw>
<kw name="Search for Products" owner="TopNav">
<kw name="Enter Search Term" owner="TopNav">
<kw name="Input Text" owner="SeleniumLibrary">
<msg time="2025-04-15T16:34:53.750839" level="INFO">Typing text '"Ferrari 458"' into text field 'xpath=//rz-search-suggest/form/div[1]/div/div/input'.</msg>
<arg>${TOPNAV_SEARCH_BAR}</arg>
<arg>"${SEARCH_TERM}"</arg>
<doc>Types the given ``text`` into the text field identified by ``locator``.</doc>
<status status="PASS" start="2025-04-15T16:34:53.747846" elapsed="0.835127"/>
</kw>
<status status="PASS" start="2025-04-15T16:34:53.746841" elapsed="0.836665"/>
</kw>
<kw name="Submit Search" owner="TopNav">
<kw name="Click Button" owner="SeleniumLibrary">
<msg time="2025-04-15T16:34:54.584539" level="INFO">Clicking button 'xpath=//rz-search-suggest/form/div[1]/button'.</msg>
<arg>${TOPNAV_SEARCH_BUTTON}</arg>
<doc>Clicks the button identified by ``locator``.</doc>
<status status="PASS" start="2025-04-15T16:34:54.583506" elapsed="1.962934"/>
</kw>
<status status="PASS" start="2025-04-15T16:34:54.583506" elapsed="1.963450"/>
</kw>
<status status="PASS" start="2025-04-15T16:34:53.745830" elapsed="2.801126"/>
</kw>
<kw name="Verify Search Completed" owner="SearchResult">
<kw name="Wait Until Page Contains" owner="SeleniumLibrary">
<arg>Результати пошуку</arg>
<doc>Waits until ``text`` appears on the current page.</doc>
<status status="PASS" start="2025-04-15T16:34:56.547974" elapsed="2.446309"/>
</kw>
<status status="PASS" start="2025-04-15T16:34:56.546956" elapsed="2.447327"/>
</kw>
<status status="PASS" start="2025-04-15T16:34:49.509310" elapsed="9.487971"/>
</kw>
<kw name="Select Product from Search Results" owner="RozetkaApp">
<kw name="Click Product link" owner="SearchResult">
<kw name="Click Link" owner="SeleniumLibrary">
<msg time="2025-04-15T16:34:59.013281" level="INFO">Clicking link 'xpath=//li[5]/rz-catalog-tile/app-goods-tile-default/div/div[2]/div[1]/rz-button-product-page[1]/rz-indexed-link/a'.</msg>
<arg>${SEARCH_RESULTS_PRODUCT_LINK}</arg>
<doc>Clicks a link identified by ``locator``.</doc>
<status status="PASS" start="2025-04-15T16:34:59.010280" elapsed="1.173588"/>
</kw>
<status status="PASS" start="2025-04-15T16:34:59.006283" elapsed="1.177585"/>
</kw>
<kw name="Verify Page Loaded" owner="Product">
<kw name="Wait Until Page Contains" owner="SeleniumLibrary">
<arg>Машинка Rastar Ferrari 458 Speciale A 1:14 червоний (4540038)</arg>
<doc>Waits until ``text`` appears on the current page.</doc>
<status status="PASS" start="2025-04-15T16:35:00.184881" elapsed="0.327508"/>
</kw>
<status status="PASS" start="2025-04-15T16:35:00.184881" elapsed="0.327508"/>
</kw>
<status status="PASS" start="2025-04-15T16:34:59.005282" elapsed="1.507107"/>
</kw>
<kw name="End Web Test" owner="Common" type="TEARDOWN">
<kw name="Close Browser" owner="SeleniumLibrary">
<doc>Closes the current browser.</doc>
<status status="PASS" start="2025-04-15T16:35:00.514406" elapsed="2.455498"/>
</kw>
<status status="PASS" start="2025-04-15T16:35:00.513396" elapsed="2.456508"/>
</kw>
<doc>This is some basic info about the test</doc>
<tag>Smoke</tag>
<status status="PASS" start="2025-04-15T16:34:47.008671" elapsed="15.962234"/>
</test>
<test id="s1-s1-s3-t3" name="Logged out user should be able to add a product to the cart" line="30">
<kw name="Begin Web Test" owner="Common" type="SETUP">
<kw name="Open Browser" owner="SeleniumLibrary">
<msg time="2025-04-15T16:35:02.974924" level="INFO">Opening browser 'chrome' to base url 'about:blank'.</msg>
<arg>about:blank</arg>
<arg>${BROWSER}</arg>
<doc>Opens a new browser instance to the optional ``url``.</doc>
<status status="PASS" start="2025-04-15T16:35:02.973899" elapsed="2.053413"/>
</kw>
<kw name="Maximize Browser Window" owner="SeleniumLibrary">
<doc>Maximizes current browser window.</doc>
<status status="PASS" start="2025-04-15T16:35:05.027823" elapsed="0.265203"/>
</kw>
<kw name="Set Selenium Speed" owner="SeleniumLibrary">
<arg>.2s</arg>
<doc>Sets the delay that is waited after each Selenium command.</doc>
<status status="PASS" start="2025-04-15T16:35:05.293026" elapsed="0.000511"/>
</kw>
<kw name="Set Selenium Timeout" owner="SeleniumLibrary">
<arg>10s</arg>
<doc>Sets the timeout that is used by various keywords.</doc>
<status status="PASS" start="2025-04-15T16:35:05.293537" elapsed="0.202140"/>
</kw>
<status status="PASS" start="2025-04-15T16:35:02.973899" elapsed="2.521778"/>
</kw>
<kw name="Search for Products" owner="RozetkaApp">
<kw name="Load" owner="LandingPage">
<kw name="Go To" owner="SeleniumLibrary">
<msg time="2025-04-15T16:35:05.496695" level="INFO">Opening url 'https://rozetka.com.ua'</msg>
<arg>${START_URL}</arg>
<doc>Navigates the current browser window to the provided ``url``.</doc>
<status status="PASS" start="2025-04-15T16:35:05.496695" elapsed="1.398653"/>
</kw>
<status status="PASS" start="2025-04-15T16:35:05.496695" elapsed="1.400653"/>
</kw>
<kw name="Verify Page Loaded" owner="LandingPage">
<kw name="Wait Until Page Contains" owner="SeleniumLibrary">
<arg>Rozetka</arg>
<doc>Waits until ``text`` appears on the current page.</doc>
<status status="PASS" start="2025-04-15T16:35:06.899351" elapsed="0.377005"/>
</kw>
<status status="PASS" start="2025-04-15T16:35:06.898345" elapsed="0.378520"/>
</kw>
<kw name="Search for Products" owner="TopNav">
<kw name="Enter Search Term" owner="TopNav">
<kw name="Input Text" owner="SeleniumLibrary">
<msg time="2025-04-15T16:35:07.277878" level="INFO">Typing text '"Ferrari 458"' into text field 'xpath=//rz-search-suggest/form/div[1]/div/div/input'.</msg>
<arg>${TOPNAV_SEARCH_BAR}</arg>
<arg>"${SEARCH_TERM}"</arg>
<doc>Types the given ``text`` into the text field identified by ``locator``.</doc>
<status status="PASS" start="2025-04-15T16:35:07.277878" elapsed="2.877319"/>
</kw>
<status status="PASS" start="2025-04-15T16:35:07.276865" elapsed="2.878332"/>
</kw>
<kw name="Submit Search" owner="TopNav">
<kw name="Click Button" owner="SeleniumLibrary">
<msg time="2025-04-15T16:35:10.157207" level="INFO">Clicking button 'xpath=//rz-search-suggest/form/div[1]/button'.</msg>
<arg>${TOPNAV_SEARCH_BUTTON}</arg>
<doc>Clicks the button identified by ``locator``.</doc>
<status status="PASS" start="2025-04-15T16:35:10.156207" elapsed="2.370820"/>
</kw>
<status status="PASS" start="2025-04-15T16:35:10.155197" elapsed="2.371830"/>
</kw>
<status status="PASS" start="2025-04-15T16:35:07.276865" elapsed="5.250162"/>
</kw>
<kw name="Verify Search Completed" owner="SearchResult">
<kw name="Wait Until Page Contains" owner="SeleniumLibrary">
<arg>Результати пошуку</arg>
<doc>Waits until ``text`` appears on the current page.</doc>
<status status="PASS" start="2025-04-15T16:35:12.528038" elapsed="1.924590"/>
</kw>
<status status="PASS" start="2025-04-15T16:35:12.528038" elapsed="1.924590"/>
</kw>
<status status="PASS" start="2025-04-15T16:35:05.495677" elapsed="8.956951"/>
</kw>
<kw name="Select Product from Search Results" owner="RozetkaApp">
<kw name="Click Product link" owner="SearchResult">
<kw name="Click Link" owner="SeleniumLibrary">
<msg time="2025-04-15T16:35:14.457640" level="INFO">Clicking link 'xpath=//li[5]/rz-catalog-tile/app-goods-tile-default/div/div[2]/div[1]/rz-button-product-page[1]/rz-indexed-link/a'.</msg>
<arg>${SEARCH_RESULTS_PRODUCT_LINK}</arg>
<doc>Clicks a link identified by ``locator``.</doc>
<status status="PASS" start="2025-04-15T16:35:14.456744" elapsed="1.063533"/>
</kw>
<status status="PASS" start="2025-04-15T16:35:14.454636" elapsed="1.065641"/>
</kw>
<kw name="Verify Page Loaded" owner="Product">
<kw name="Wait Until Page Contains" owner="SeleniumLibrary">
<arg>Машинка Rastar Ferrari 458 Speciale A 1:14 червоний (4540038)</arg>
<doc>Waits until ``text`` appears on the current page.</doc>
<status status="PASS" start="2025-04-15T16:35:15.526292" elapsed="0.338023"/>
</kw>
<status status="PASS" start="2025-04-15T16:35:15.521293" elapsed="0.343532"/>
</kw>
<status status="PASS" start="2025-04-15T16:35:14.454636" elapsed="1.410189"/>
</kw>
<kw name="Add Product to Cart" owner="RozetkaApp">
<kw name="Add to Cart" owner="Product">
<kw name="Click Button" owner="SeleniumLibrary">
<msg time="2025-04-15T16:35:15.910836" level="INFO">Clicking button 'xpath=//rz-product-buy-btn/rz-buy-button/button'.</msg>
<arg>${PRODUCT_TO_BUY}</arg>
<doc>Clicks the button identified by ``locator``.</doc>
<status status="PASS" start="2025-04-15T16:35:15.867838" elapsed="2.066735"/>
</kw>
<kw name="Sleep" owner="BuiltIn">
<msg time="2025-04-15T16:35:20.936722" level="INFO">Slept 3 seconds.</msg>
<arg>3</arg>
<doc>Pauses the test executed for the given time.</doc>
<status status="PASS" start="2025-04-15T16:35:17.934573" elapsed="3.005144"/>
</kw>
<status status="PASS" start="2025-04-15T16:35:15.866836" elapsed="5.072881"/>
</kw>
<kw name="Verify Product Added" owner="Cart">
<kw name="Wait Until Page Contains" owner="SeleniumLibrary">
<arg>Оформити замовлення</arg>
<doc>Waits until ``text`` appears on the current page.</doc>
<status status="PASS" start="2025-04-15T16:35:20.947723" elapsed="0.276600"/>
</kw>
<kw name="Wait Until Page Contains" owner="SeleniumLibrary">
<arg>Продовжити покупки</arg>
<doc>Waits until ``text`` appears on the current page.</doc>
<status status="PASS" start="2025-04-15T16:35:21.224834" elapsed="0.224023"/>
</kw>
<status status="PASS" start="2025-04-15T16:35:20.947723" elapsed="0.501134"/>
</kw>
<status status="PASS" start="2025-04-15T16:35:15.865841" elapsed="5.583016"/>
</kw>
<kw name="End Web Test" owner="Common" type="TEARDOWN">
<kw name="Close Browser" owner="SeleniumLibrary">
<doc>Closes the current browser.</doc>
<status status="PASS" start="2025-04-15T16:35:21.451376" elapsed="2.570925"/>
</kw>
<status status="PASS" start="2025-04-15T16:35:21.451376" elapsed="2.571900"/>
</kw>
<doc>This is some basic info about the test</doc>
<tag>Smoke</tag>
<status status="PASS" start="2025-04-15T16:35:02.971905" elapsed="21.051371"/>
</test>
<test id="s1-s1-s3-t4" name="Logged out user should be asked to sign in to check out" line="37">
<kw name="Begin Web Test" owner="Common" type="SETUP">
<kw name="Open Browser" owner="SeleniumLibrary">
<msg time="2025-04-15T16:35:24.027284" level="INFO">Opening browser 'chrome' to base url 'about:blank'.</msg>
<arg>about:blank</arg>
<arg>${BROWSER}</arg>
<doc>Opens a new browser instance to the optional ``url``.</doc>
<status status="PASS" start="2025-04-15T16:35:24.026275" elapsed="1.996574"/>
</kw>
<kw name="Maximize Browser Window" owner="SeleniumLibrary">
<doc>Maximizes current browser window.</doc>
<status status="PASS" start="2025-04-15T16:35:26.022849" elapsed="0.237085"/>
</kw>
<kw name="Set Selenium Speed" owner="SeleniumLibrary">
<arg>.2s</arg>
<doc>Sets the delay that is waited after each Selenium command.</doc>
<status status="PASS" start="2025-04-15T16:35:26.259934" elapsed="0.000000"/>
</kw>
<kw name="Set Selenium Timeout" owner="SeleniumLibrary">
<arg>10s</arg>
<doc>Sets the timeout that is used by various keywords.</doc>
<status status="PASS" start="2025-04-15T16:35:26.259934" elapsed="0.209573"/>
</kw>
<status status="PASS" start="2025-04-15T16:35:24.026275" elapsed="2.443232"/>
</kw>
<kw name="Search for Products" owner="RozetkaApp">
<kw name="Load" owner="LandingPage">
<kw name="Go To" owner="SeleniumLibrary">
<msg time="2025-04-15T16:35:26.472522" level="INFO">Opening url 'https://rozetka.com.ua'</msg>
<arg>${START_URL}</arg>
<doc>Navigates the current browser window to the provided ``url``.</doc>
<status status="PASS" start="2025-04-15T16:35:26.471528" elapsed="3.216743"/>
</kw>
<status status="PASS" start="2025-04-15T16:35:26.470528" elapsed="3.217743"/>
</kw>
<kw name="Verify Page Loaded" owner="LandingPage">
<kw name="Wait Until Page Contains" owner="SeleniumLibrary">
<arg>Rozetka</arg>
<doc>Waits until ``text`` appears on the current page.</doc>
<status status="PASS" start="2025-04-15T16:35:29.689277" elapsed="0.400002"/>
</kw>
<status status="PASS" start="2025-04-15T16:35:29.688271" elapsed="0.401517"/>
</kw>
<kw name="Search for Products" owner="TopNav">
<kw name="Enter Search Term" owner="TopNav">
<kw name="Input Text" owner="SeleniumLibrary">
<msg time="2025-04-15T16:35:30.092799" level="INFO">Typing text '"Ferrari 458"' into text field 'xpath=//rz-search-suggest/form/div[1]/div/div/input'.</msg>
<arg>${TOPNAV_SEARCH_BAR}</arg>
<arg>"${SEARCH_TERM}"</arg>
<doc>Types the given ``text`` into the text field identified by ``locator``.</doc>
<status status="PASS" start="2025-04-15T16:35:30.092799" elapsed="2.775347"/>
</kw>
<status status="PASS" start="2025-04-15T16:35:30.091798" elapsed="2.776348"/>
</kw>
<kw name="Submit Search" owner="TopNav">
<kw name="Click Button" owner="SeleniumLibrary">
<msg time="2025-04-15T16:35:32.869152" level="INFO">Clicking button 'xpath=//rz-search-suggest/form/div[1]/button'.</msg>
<arg>${TOPNAV_SEARCH_BUTTON}</arg>
<doc>Clicks the button identified by ``locator``.</doc>
<status status="PASS" start="2025-04-15T16:35:32.869152" elapsed="2.316633"/>
</kw>
<status status="PASS" start="2025-04-15T16:35:32.868146" elapsed="2.317639"/>
</kw>
<status status="PASS" start="2025-04-15T16:35:30.089788" elapsed="5.097995"/>
</kw>
<kw name="Verify Search Completed" owner="SearchResult">
<kw name="Wait Until Page Contains" owner="SeleniumLibrary">
<arg>Результати пошуку</arg>
<doc>Waits until ``text`` appears on the current page.</doc>
<status status="PASS" start="2025-04-15T16:35:35.188788" elapsed="1.759008"/>
</kw>
<status status="PASS" start="2025-04-15T16:35:35.187783" elapsed="1.760013"/>
</kw>
<status status="PASS" start="2025-04-15T16:35:26.469507" elapsed="10.478802"/>
</kw>
<kw name="Select Product from Search Results" owner="RozetkaApp">
<kw name="Click Product link" owner="SearchResult">
<kw name="Click Link" owner="SeleniumLibrary">
<msg time="2025-04-15T16:35:36.955325" level="INFO">Clicking link 'xpath=//li[5]/rz-catalog-tile/app-goods-tile-default/div/div[2]/div[1]/rz-button-product-page[1]/rz-indexed-link/a'.</msg>
<arg>${SEARCH_RESULTS_PRODUCT_LINK}</arg>
<doc>Clicks a link identified by ``locator``.</doc>
<status status="PASS" start="2025-04-15T16:35:36.954321" elapsed="1.033622"/>
</kw>
<status status="PASS" start="2025-04-15T16:35:36.953322" elapsed="1.034621"/>
</kw>
<kw name="Verify Page Loaded" owner="Product">
<kw name="Wait Until Page Contains" owner="SeleniumLibrary">
<arg>Машинка Rastar Ferrari 458 Speciale A 1:14 червоний (4540038)</arg>
<doc>Waits until ``text`` appears on the current page.</doc>
<status status="PASS" start="2025-04-15T16:35:37.988940" elapsed="0.319531"/>
</kw>
<status status="PASS" start="2025-04-15T16:35:37.988940" elapsed="0.319531"/>
</kw>
<status status="PASS" start="2025-04-15T16:35:36.950322" elapsed="1.358149"/>
</kw>
<kw name="Add Product to Cart" owner="RozetkaApp">
<kw name="Add to Cart" owner="Product">
<kw name="Click Button" owner="SeleniumLibrary">
<msg time="2025-04-15T16:35:38.323486" level="INFO">Clicking button 'xpath=//rz-product-buy-btn/rz-buy-button/button'.</msg>
<arg>${PRODUCT_TO_BUY}</arg>
<doc>Clicks the button identified by ``locator``.</doc>
<status status="PASS" start="2025-04-15T16:35:38.313486" elapsed="2.685988"/>
</kw>
<kw name="Sleep" owner="BuiltIn">
<msg time="2025-04-15T16:35:44.000794" level="INFO">Slept 3 seconds.</msg>
<arg>3</arg>
<doc>Pauses the test executed for the given time.</doc>
<status status="PASS" start="2025-04-15T16:35:41.000474" elapsed="3.000829"/>
</kw>
<status status="PASS" start="2025-04-15T16:35:38.310492" elapsed="5.690811"/>
</kw>
<kw name="Verify Product Added" owner="Cart">
<kw name="Wait Until Page Contains" owner="SeleniumLibrary">
<arg>Оформити замовлення</arg>
<doc>Waits until ``text`` appears on the current page.</doc>
<status status="PASS" start="2025-04-15T16:35:44.003319" elapsed="0.243314"/>
</kw>
<kw name="Wait Until Page Contains" owner="SeleniumLibrary">
<arg>Продовжити покупки</arg>
<doc>Waits until ``text`` appears on the current page.</doc>
<status status="PASS" start="2025-04-15T16:35:44.246633" elapsed="0.251772"/>
</kw>
<status status="PASS" start="2025-04-15T16:35:44.002325" elapsed="0.496080"/>
</kw>
<status status="PASS" start="2025-04-15T16:35:38.309488" elapsed="6.188917"/>
</kw>
<kw name="Begin Checkout" owner="RozetkaApp">
<kw name="Proceed to Checkout" owner="Cart">
<kw name="Click Link" owner="SeleniumLibrary">
<msg time="2025-04-15T16:35:44.499463" level="INFO">Clicking link 'xpath=//rz-shopping-cart/div/div[1]/div/rz-checkout-button/a'.</msg>
<arg>${CART_PROCEED_TO_CHECKOUT}</arg>
<doc>Clicks a link identified by ``locator``.</doc>
<status status="PASS" start="2025-04-15T16:35:44.499463" elapsed="0.893046"/>
</kw>
<status status="PASS" start="2025-04-15T16:35:44.499463" elapsed="0.893046"/>
</kw>
<kw name="Verify Page Loaded" owner="SignIn">
<kw name="Wait Until Page Contains Element" owner="SeleniumLibrary">
<arg>${SIGNIN_MAIN_HEADING}</arg>
<doc>Waits until the element ``locator`` appears on the current page.</doc>
<status status="PASS" start="2025-04-15T16:35:45.395032" elapsed="1.700886"/>
</kw>
<kw name="Element Text Should Be" owner="SeleniumLibrary">
<msg time="2025-04-15T16:35:47.097441" level="INFO">Verifying element 'xpath=//rz-checkout-orders/rz-checkout-orders-content/div/h1' contains exact text 'Оформлення замовлення'.</msg>
<arg>${SIGNIN_MAIN_HEADING}</arg>
<arg>Оформлення замовлення</arg>
<doc>Verifies that element ``locator`` contains exact the text ``expected``.</doc>
<status status="PASS" start="2025-04-15T16:35:47.096428" elapsed="0.522715"/>
</kw>
<status status="PASS" start="2025-04-15T16:35:45.393021" elapsed="2.226122"/>
</kw>
<status status="PASS" start="2025-04-15T16:35:44.498405" elapsed="3.121251"/>
</kw>
<kw name="End Web Test" owner="Common" type="TEARDOWN">
<kw name="Close Browser" owner="SeleniumLibrary">
<doc>Closes the current browser.</doc>
<status status="PASS" start="2025-04-15T16:35:47.620668" elapsed="2.563880"/>
</kw>
<status status="PASS" start="2025-04-15T16:35:47.620668" elapsed="2.563880"/>
</kw>
<doc>This is some basic info about the test</doc>
<tag>Smoke</tag>
<status status="PASS" start="2025-04-15T16:35:24.024274" elapsed="26.160274"/>
</test>
<kw name="Cleanup Testing Data" owner="Common" type="TEARDOWN">
<kw name="Log" owner="BuiltIn">
<msg time="2025-04-15T16:35:50.187558" level="INFO">I am cleaning up the test data...</msg>
<arg>I am cleaning up the test data...</arg>
<doc>Logs the given message with the given level.</doc>
<status status="PASS" start="2025-04-15T16:35:50.186544" elapsed="0.002006"/>
</kw>
<status status="PASS" start="2025-04-15T16:35:50.186544" elapsed="0.002006"/>
</kw>
<doc>This is some basic info about the whole suite</doc>
<status status="PASS" start="2025-04-15T16:34:32.387538" elapsed="77.801012"/>
</suite>
<status status="PASS" start="2025-04-15T16:33:43.073641" elapsed="127.118903"/>
</suite>
<status status="PASS" start="2025-04-15T16:33:43.019376" elapsed="127.175169"/>
</suite>
<statistics>
<total>
<stat pass="10" fail="0" skip="0">All Tests</stat>
</total>
<tag>
<stat pass="1" fail="0" skip="0">1001</stat>
<stat pass="1" fail="0" skip="0">1002</stat>
<stat pass="1" fail="0" skip="0">1004</stat>
<stat pass="1" fail="0" skip="0">1006</stat>
<stat pass="1" fail="0" skip="0">Contacts</stat>
<stat pass="1" fail="0" skip="0">Current</stat>
<stat pass="1" fail="0" skip="0">Home</stat>
<stat pass="2" fail="0" skip="0">Login</stat>
<stat pass="7" fail="0" skip="0">Smoke</stat>
</tag>
<suite>
<stat name="Project-Robot" id="s1" pass="10" fail="0" skip="0">Project-Robot</stat>
<stat name="Tests" id="s1-s1" pass="10" fail="0" skip="0">Project-Robot.Tests</stat>
<stat name="Crm" id="s1-s1-s1" pass="4" fail="0" skip="0">Project-Robot.Tests.Crm</stat>
<stat name="Demo" id="s1-s1-s2" pass="2" fail="0" skip="0">Project-Robot.Tests.Demo</stat>
<stat name="Rozetka" id="s1-s1-s3" pass="4" fail="0" skip="0">Project-Robot.Tests.Rozetka</stat>
</suite>
</statistics>
<errors>
</errors>
</robot>
